2020-02-06 11:32:45 ERROR Validation:26 - Input should not be more than or less than two
[ERROR] 2020-02-06 11:52:15.986 [main] Validation - Input should not be more than or less than two
[ERROR] 2020-02-06 11:52:55.645 [main] Validation - Input should not be more than or less than two
[INFO ] 2020-02-06 11:53:54.861 [main] FilesUtil - FIle Copied!!!
[INFO ] 2020-02-06 11:54:59.694 [main] FilesUtil - FIle Copied!!!
[INFO ] 2020-02-06 11:56:15.524 [main] FilesUtil - FIle Copied!!!
[ERROR] 2020-02-06 11:58:03.322 [main] Validation - Source file and Target file are same
[INFO ] 2020-02-06 12:05:47.722 [main] FilesUtil - FIle Copied!!!
[INFO ] 2020-02-06 13:41:45.159 [main] FilesUtil - FIle Copied!!!
[INFO ] 2020-02-06 13:42:34.562 [main] FilesUtil - FIle Copied!!!
[INFO ] 2020-02-06 13:58:45.454 [main] FilesUtil - FIle Copied!!!
[INFO ] 2020-02-06 14:36:35.500 [main] FilesUtil - FIle Copied!!!
[INFO ] 2020-02-06 14:43:26.293 [main] FilesUtil - FIle Copied!!!
[INFO ] 2020-02-06 14:43:50.909 [main] FilesUtil - FIle Copied!!!
[ERROR] 2020-02-06 14:43:50.921 [main] Validation - Input should not be more than or less than two
[INFO ] 2020-02-06 14:44:59.388 [main] FilesUtil - FIle Copied!!!
[ERROR] 2020-02-06 14:44:59.405 [main] Validation - Input should not be more than or less than two
[INFO ] 2020-02-06 14:47:38.046 [main] FilesUtil - FIle Copied!!!
[ERROR] 2020-02-06 14:47:38.062 [main] Validation - Input should not be more than or less than two
[INFO ] 2020-02-06 14:47:59.412 [main] FilesUtil - FIle Copied!!!
[INFO ] 2020-02-06 14:48:21.111 [main] FilesUtil - FIle Copied!!!
[ERROR] 2020-02-06 14:48:21.129 [main] Validation - Input is Empty. Please provide valid input
[INFO ] 2020-02-06 14:48:34.691 [main] FilesUtil - FIle Copied!!!
[ERROR] 2020-02-06 14:48:34.706 [main] Validation - Input should not be more than or less than two
[ERROR] 2020-02-06 14:48:34.709 [main] Validation - Input is Empty. Please provide valid input
[INFO ] 2020-02-06 14:50:44.517 [main] FilesUtil - FIle Copied!!!
[ERROR] 2020-02-06 14:50:44.532 [main] Validation - Input should not be more than or less than two
[ERROR] 2020-02-06 14:50:44.535 [main] Validation - Input is Empty. Please provide valid input
[ERROR] 2020-02-06 14:50:44.535 [main] Validation - Source file and Target file are same
[INFO ] 2020-02-06 14:51:21.692 [main] FilesUtil - FIle Copied!!!
[ERROR] 2020-02-06 14:51:21.723 [main] Validation - Input should not be more than or less than two
[ERROR] 2020-02-06 14:51:21.727 [main] Validation - Input is Empty. Please provide valid input
[ERROR] 2020-02-06 14:51:21.728 [main] Validation - Source file and Target file are same
[INFO ] 2020-02-06 14:53:20.413 [main] FilesUtil - FIle Copied!!!
[ERROR] 2020-02-06 14:53:20.448 [main] Validation - Input should not be more than or less than two
[ERROR] 2020-02-06 14:53:20.452 [main] Validation - Input is Empty. Please provide valid input
[ERROR] 2020-02-06 14:53:20.454 [main] Validation - Source file and Target file are same
